<?xml version="1.0" encoding="UTF-8"?>
<testsuite xmlns:xsi="http://www.w3.org/2001/XMLSchema-instance" xsi:noNamespaceSchemaLocation="https://maven.apache.org/surefire/maven-surefire-plugin/xsd/surefire-test-report-3.0.xsd" version="3.0" name="io.altar.jseproject.test.ProductModelTest" time="0.075" tests="4" errors="0" skipped="0" failures="0">
  <properties>
[...]
</properties>
  <testcase name="testOverrideProductId" classname="io.altar.jseproject.test.ProductModelTest" time="0.033"/>
  <testcase name="testDefaultId" classname="io.altar.jseproject.test.ProductModelTest" time="0.002"/>
  <testcase name="testSetProductIdWithNegativeId" classname="io.altar.jseproject.test.ProductModelTest" time="0.001"/>
  <testcase name="testSetProductId" classname="io.altar.jseproject.test.ProductModelTest" time="0.004"/>
</testsuite>